[0.021s] Invoking command in '/home/pi/Desktop/ros2-robotics-mastery/build/my_first_kinematics_pkg': CMAKE_PREFIX_PATH=${CMAKE_PREFIX_PATH}:/opt/ros/jazzy DEBUGINFOD_URLS=https://debuginfod.ubuntu.com /usr/bin/cmake /home/pi/Desktop/ros2-robotics-mastery/src/my_first_kinematics_pkg -DAMENT_CMAKE_SYMLINK_INSTALL=1 -DCMAKE_INSTALL_PREFIX=/home/pi/Desktop/ros2-robotics-mastery/install/my_first_kinematics_pkg
[0.524s] -- The C compiler identification is GNU 13.3.0
[0.826s] -- The CXX compiler identification is GNU 13.3.0
[0.868s] -- Detecting C compiler ABI info
[1.068s] -- Detecting C compiler ABI info - done
[1.083s] -- Check for working C compiler: /usr/bin/cc - skipped
[1.084s] -- Detecting C compile features
[1.085s] -- Detecting C compile features - done
[1.102s] -- Detecting CXX compiler ABI info
[1.287s] -- Detecting CXX compiler ABI info - done
[1.305s] -- Check for working CXX compiler: /usr/bin/c++ - skipped
[1.305s] -- Detecting CXX compile features
[1.307s] -- Detecting CXX compile features - done
[1.314s] -- Found ament_cmake: 2.5.5 (/opt/ros/jazzy/share/ament_cmake/cmake)
[1.546s] -- Found Python3: /usr/bin/python3 (found version "3.12.3") found components: Interpreter 
[1.676s] -- Override CMake install command with custom implementation using symlinks instead of copying resources
[1.752s] -- Found rclcpp: 28.1.16 (/opt/ros/jazzy/share/rclcpp/cmake)
[1.852s] -- Found rosidl_generator_c: 4.6.7 (/opt/ros/jazzy/share/rosidl_generator_c/cmake)
[1.879s] -- Found rosidl_generator_cpp: 4.6.7 (/opt/ros/jazzy/share/rosidl_generator_cpp/cmake)
[1.919s] -- Using all available rosidl_typesupport_c: rosidl_typesupport_fastrtps_c;rosidl_typesupport_introspection_c
[1.959s] -- Using all available rosidl_typesupport_cpp: rosidl_typesupport_fastrtps_cpp;rosidl_typesupport_introspection_cpp
[2.117s] -- Found rmw_implementation_cmake: 7.3.3 (/opt/ros/jazzy/share/rmw_implementation_cmake/cmake)
[2.124s] -- Found rmw_fastrtps_cpp: 8.4.3 (/opt/ros/jazzy/share/rmw_fastrtps_cpp/cmake)
[2.296s] -- Found OpenSSL: /usr/lib/aarch64-linux-gnu/libcrypto.so (found version "3.0.13")  
[2.330s] -- Found FastRTPS: /opt/ros/jazzy/include (Required is at least version "2.13") 
[2.367s] -- Using RMW implementation 'rmw_fastrtps_cpp' as default
[2.530s] -- Found ament_lint_auto: 0.17.4 (/opt/ros/jazzy/share/ament_lint_auto/cmake)
[2.723s] -- Added test 'cppcheck' to perform static code analysis on C / C++ code
[2.723s] -- Configured cppcheck include dirs: $<BUILD_INTERFACE:/home/pi/Desktop/ros2-robotics-mastery/src/my_first_kinematics_pkg/include>
[2.723s] -- Configured cppcheck exclude dirs and/or files: 
[2.726s] -- Added test 'lint_cmake' to check CMake code style
[2.728s] -- Added test 'uncrustify' to check C / C++ code style
[2.728s] -- Configured uncrustify additional arguments: 
[2.729s] -- Added test 'xmllint' to check XML markup files
[2.733s] -- Configuring done (2.6s)
[2.751s] -- Generating done (0.0s)
[2.757s] -- Build files have been written to: /home/pi/Desktop/ros2-robotics-mastery/build/my_first_kinematics_pkg
[2.775s] Invoked command in '/home/pi/Desktop/ros2-robotics-mastery/build/my_first_kinematics_pkg' returned '0': CMAKE_PREFIX_PATH=${CMAKE_PREFIX_PATH}:/opt/ros/jazzy DEBUGINFOD_URLS=https://debuginfod.ubuntu.com /usr/bin/cmake /home/pi/Desktop/ros2-robotics-mastery/src/my_first_kinematics_pkg -DAMENT_CMAKE_SYMLINK_INSTALL=1 -DCMAKE_INSTALL_PREFIX=/home/pi/Desktop/ros2-robotics-mastery/install/my_first_kinematics_pkg
[2.777s] Invoking command in '/home/pi/Desktop/ros2-robotics-mastery/build/my_first_kinematics_pkg': CMAKE_PREFIX_PATH=${CMAKE_PREFIX_PATH}:/opt/ros/jazzy DEBUGINFOD_URLS=https://debuginfod.ubuntu.com /usr/bin/cmake --build /home/pi/Desktop/ros2-robotics-mastery/build/my_first_kinematics_pkg -- -j4 -l4
[2.868s] [ 50%] [32mBuilding CXX object CMakeFiles/kinematics_calculator.dir/src/kinematics_calculator.cpp.o[0m
[2.964s] [100%] [32m[1mLinking CXX executable kinematics_calculator[0m
[3.244s] [100%] Built target kinematics_calculator
[3.263s] Invoked command in '/home/pi/Desktop/ros2-robotics-mastery/build/my_first_kinematics_pkg' returned '0': CMAKE_PREFIX_PATH=${CMAKE_PREFIX_PATH}:/opt/ros/jazzy DEBUGINFOD_URLS=https://debuginfod.ubuntu.com /usr/bin/cmake --build /home/pi/Desktop/ros2-robotics-mastery/build/my_first_kinematics_pkg -- -j4 -l4
[3.280s] Invoking command in '/home/pi/Desktop/ros2-robotics-mastery/build/my_first_kinematics_pkg': CMAKE_PREFIX_PATH=${CMAKE_PREFIX_PATH}:/opt/ros/jazzy DEBUGINFOD_URLS=https://debuginfod.ubuntu.com /usr/bin/cmake --install /home/pi/Desktop/ros2-robotics-mastery/build/my_first_kinematics_pkg
[3.293s] -- Install configuration: ""
[3.293s] -- Execute custom install script
[3.294s] -- Symlinking: /home/pi/Desktop/ros2-robotics-mastery/install/my_first_kinematics_pkg/lib/my_first_kinematics_pkg/kinematics_calculator
[3.312s] -- Symlinking: /home/pi/Desktop/ros2-robotics-mastery/install/my_first_kinematics_pkg/share/ament_index/resource_index/package_run_dependencies/my_first_kinematics_pkg
[3.329s] -- Symlinking: /home/pi/Desktop/ros2-robotics-mastery/install/my_first_kinematics_pkg/share/ament_index/resource_index/parent_prefix_path/my_first_kinematics_pkg
[3.345s] -- Symlinking: /home/pi/Desktop/ros2-robotics-mastery/install/my_first_kinematics_pkg/share/my_first_kinematics_pkg/environment/ament_prefix_path.sh
[3.362s] -- Symlinking: /home/pi/Desktop/ros2-robotics-mastery/install/my_first_kinematics_pkg/share/my_first_kinematics_pkg/environment/ament_prefix_path.dsv
[3.378s] -- Symlinking: /home/pi/Desktop/ros2-robotics-mastery/install/my_first_kinematics_pkg/share/my_first_kinematics_pkg/environment/path.sh
[3.395s] -- Symlinking: /home/pi/Desktop/ros2-robotics-mastery/install/my_first_kinematics_pkg/share/my_first_kinematics_pkg/environment/path.dsv
[3.413s] -- Symlinking: /home/pi/Desktop/ros2-robotics-mastery/install/my_first_kinematics_pkg/share/my_first_kinematics_pkg/local_setup.bash
[3.431s] -- Symlinking: /home/pi/Desktop/ros2-robotics-mastery/install/my_first_kinematics_pkg/share/my_first_kinematics_pkg/local_setup.sh
[3.447s] -- Symlinking: /home/pi/Desktop/ros2-robotics-mastery/install/my_first_kinematics_pkg/share/my_first_kinematics_pkg/local_setup.zsh
[3.465s] -- Symlinking: /home/pi/Desktop/ros2-robotics-mastery/install/my_first_kinematics_pkg/share/my_first_kinematics_pkg/local_setup.dsv
[3.481s] -- Symlinking: /home/pi/Desktop/ros2-robotics-mastery/install/my_first_kinematics_pkg/share/my_first_kinematics_pkg/package.dsv
[3.498s] -- Symlinking: /home/pi/Desktop/ros2-robotics-mastery/install/my_first_kinematics_pkg/share/ament_index/resource_index/packages/my_first_kinematics_pkg
[3.517s] -- Symlinking: /home/pi/Desktop/ros2-robotics-mastery/install/my_first_kinematics_pkg/share/my_first_kinematics_pkg/cmake/my_first_kinematics_pkgConfig.cmake
[3.534s] -- Symlinking: /home/pi/Desktop/ros2-robotics-mastery/install/my_first_kinematics_pkg/share/my_first_kinematics_pkg/cmake/my_first_kinematics_pkgConfig-version.cmake
[3.551s] -- Symlinking: /home/pi/Desktop/ros2-robotics-mastery/install/my_first_kinematics_pkg/share/my_first_kinematics_pkg/package.xml
[3.571s] Invoked command in '/home/pi/Desktop/ros2-robotics-mastery/build/my_first_kinematics_pkg' returned '0': CMAKE_PREFIX_PATH=${CMAKE_PREFIX_PATH}:/opt/ros/jazzy DEBUGINFOD_URLS=https://debuginfod.ubuntu.com /usr/bin/cmake --install /home/pi/Desktop/ros2-robotics-mastery/build/my_first_kinematics_pkg
